INFO: Including sub-config file: /usr/local/etc/kismet_httpd.conf
INFO: Including sub-config file: /usr/local/etc/kismet_memory.conf
INFO: Including sub-config file: /usr/local/etc/kismet_alerts.conf
INFO: Including sub-config file: /usr/local/etc/kismet_80211.conf
INFO: Including sub-config file: /usr/local/etc/kismet_logging.conf
INFO: Including sub-config file: /usr/local/etc/kismet_filter.conf
INFO: Including sub-config file: /usr/local/etc/kismet_uav.conf
INFO: Loading config override file '/usr/local/etc/kismet_package.conf'
INFO: Optional sub-config file not present: /usr/local/etc/kismet_package.conf
INFO: Loading config override file '/usr/local/etc/kismet_site.conf'
INFO: Optional sub-config file not present: /usr/local/etc/kismet_site.conf
INFO: Setting server UUID 69917970-A100-11F0-87F7-4B49534D4554
INFO: Starting Beast webserver on 0.0.0.0:2501
INFO: Opened OUI file '/usr/local/share/kismet/kismet_manuf.txt.gz
INFO: Indexing manufacturer db
INFO: Completed indexing manufacturer db, 37974 lines and 760 indexes.
INFO: Saving devices to the Kismet database log every 30 seconds
INFO: Using default rates of 10/min, 1/sec for alert 'DEVICEFOUND'
INFO: Using default rates of 10/min, 1/sec for alert 'DEVICELOST'
INFO: Registering support for DLT_PPI packet header decoding
INFO: Registering support for DLT_RADIOTAP packet header decoding
INFO: Registering support for DLT_BTLE_RADIO packet header decoding
INFO: Using default rates of 10/min, 1/sec for alert 'BADFIXLENIE'
INFO: PHY80211 will only process AP signal levels from beacons
INFO: Allowing Kismet clients to view WEP keys
DEBUG: ssid canary FooCanary:ssid="FoobarCanary"
DEBUG: ssid canary FooCanart2:ssid="(?i:foobarcanary)"
INFO: Keeping EAPOL packets in memory for easy download and WIDS functionality; this can use more RAM.
INFO: Registered PHY handler 'IEEE802.11' as ID 0
INFO: Registered PHY handler 'RFSENSOR' as ID 1
INFO: Registered PHY handler 'Z-Wave' as ID 2
INFO: Registered PHY handler 'Bluetooth' as ID 3
DEBUG: reserve_fields home id 542 app id 543
INFO: Registered PHY handler 'UAV' as ID 4
INFO: Registered PHY handler 'NrfMousejack' as ID 5
ERROR: Tried to re-register duplicate alert FLIPPERZERO
INFO: Registered PHY handler 'BTLE' as ID 6
INFO: Registered PHY handler 'METER' as ID 7
INFO: Indexing ADSB ICAO db
INFO: Completed indexing ADSB ICAO db, 341068 lines 6822 indexes
INFO: Registered PHY handler 'ADSB' as ID 8
INFO: Registered PHY handler '802.15.4' as ID 9
INFO: Registered PHY handler 'RADIATION' as ID 10
INFO: Serving static file content from /usr/local/share/kismet/httpd/
INFO: Enabling channel hopping by default on sources which support channel control.
INFO: Setting default channel hop rate to 5/sec
INFO: Enabling channel list splitting on sources which share the same list of channels
INFO: Enabling channel list shuffling to optimize overlaps
INFO: Sources will be re-opened if they encounter an error
INFO: Saving datasources to the Kismet database log every 30 seconds
INFO: Launching remote capture server on 127.0.0.1 3501
INFO: Data sources passed on the command line (via -c source), ignoring source= definitions in the Kismet config file.
INFO: Probing interface 'wlan1' to find datasource type
FATAL: Unable to open KismetDB log at '/home/pi/GloopieGuardian/kismet/logs//Kismet-20260308-16-18-44-1.kismet'; check that the directory exists and that you have write permissions to it.
ERROR: kis_database unable to open file /home/pi/GloopieGuardian/kismet/logs//Kismet-20260308-16-18-44-1.kismet: unable to open database file
FATAL: Fatal error encountered during startup.

*** KISMET IS SHUTTING DOWN ***

*** KISMET HAS ENCOUNTERED A FATAL ERROR AND CANNOT CONTINUE.  ***
Shutting down plugins...
WARNING: Kismet changes the configuration of network devices.
         In most cases you will need to restart networking for
         your interface (varies per distribution and OS), but 
         typically one of:
         sudo service networking restart
         sudo /etc/init.d/networking restart
         or
         nmcli device set [device] managed true

Kismet exiting.
EXITING: Signal service thread complete.
FATAL: Remote side closed read pipe
FATAL: Remote side closed read pipe
FATAL: Remote side closed read pipe
FATAL: Remote side closed read pipe
FATAL: Remote side closed read pipe
FATAL: Remote side closed read pipe
FATAL: Remote side closed read pipe
FATAL: Remote side closed read pipe
FATAL: Remote side closed read pipe
FATAL: Remote side closed read pipe
FATAL: Remote side closed read pipe
FATAL: Remote side closed read pipe
FATAL: Remote side closed read pipe
FATAL: Remote side closed read pipe
FATAL: Remote side closed read pipe
FATAL: Remote side closed read pipe
FATAL: Remote side closed read pipe
FATAL: Remote side closed read pipe
>>> Stopping Kismet...
>>> PID 6191 not running, continuing...
>>> Waiting 2s for logs to flush...
>>> Importing latest file: /home/pi/AirscopeGuardian/kismet/logs/Kismet-20260104-07-44-47-1.kismet
Importing /home/pi/AirscopeGuardian/kismet/logs/Kismet-20260104-07-44-47-1.kismet ...
Import completed successfully.
>>> Import completed successfully.
>>> Starting Kismet on interface: wlan1
INFO: Including sub-config file: /usr/local/etc/kismet_httpd.conf
INFO: Including sub-config file: /usr/local/etc/kismet_memory.conf
INFO: Including sub-config file: /usr/local/etc/kismet_alerts.conf
INFO: Including sub-config file: /usr/local/etc/kismet_80211.conf
INFO: Including sub-config file: /usr/local/etc/kismet_logging.conf
INFO: Including sub-config file: /usr/local/etc/kismet_filter.conf
INFO: Including sub-config file: /usr/local/etc/kismet_uav.conf
INFO: Loading config override file '/usr/local/etc/kismet_package.conf'
INFO: Optional sub-config file not present: /usr/local/etc/kismet_package.conf
INFO: Loading config override file '/usr/local/etc/kismet_site.conf'
INFO: Optional sub-config file not present: /usr/local/etc/kismet_site.conf
INFO: Setting server UUID 69917970-A100-11F0-87F7-4B49534D4554
INFO: Starting Beast webserver on 0.0.0.0:2501
INFO: Opened OUI file '/usr/local/share/kismet/kismet_manuf.txt.gz
INFO: Indexing manufacturer db
INFO: Completed indexing manufacturer db, 37974 lines and 760 indexes.
INFO: Saving devices to the Kismet database log every 30 seconds
INFO: Using default rates of 10/min, 1/sec for alert 'DEVICEFOUND'
INFO: Using default rates of 10/min, 1/sec for alert 'DEVICELOST'
INFO: Registering support for DLT_PPI packet header decoding
INFO: Registering support for DLT_RADIOTAP packet header decoding
INFO: Registering support for DLT_BTLE_RADIO packet header decoding
INFO: Using default rates of 10/min, 1/sec for alert 'BADFIXLENIE'
INFO: PHY80211 will only process AP signal levels from beacons
INFO: Allowing Kismet clients to view WEP keys
DEBUG: ssid canary FooCanary:ssid="FoobarCanary"
DEBUG: ssid canary FooCanart2:ssid="(?i:foobarcanary)"
INFO: Keeping EAPOL packets in memory for easy download and WIDS functionality; this can use more RAM.
INFO: Registered PHY handler 'IEEE802.11' as ID 0
INFO: Registered PHY handler 'RFSENSOR' as ID 1
INFO: Registered PHY handler 'Z-Wave' as ID 2
INFO: Registered PHY handler 'Bluetooth' as ID 3
DEBUG: reserve_fields home id 542 app id 543
INFO: Registered PHY handler 'UAV' as ID 4
INFO: Registered PHY handler 'NrfMousejack' as ID 5
ERROR: Tried to re-register duplicate alert FLIPPERZERO
INFO: Registered PHY handler 'BTLE' as ID 6
INFO: Registered PHY handler 'METER' as ID 7
INFO: Indexing ADSB ICAO db
INFO: Completed indexing ADSB ICAO db, 341068 lines 6822 indexes
INFO: Registered PHY handler 'ADSB' as ID 8
INFO: Registered PHY handler '802.15.4' as ID 9
INFO: Registered PHY handler 'RADIATION' as ID 10
INFO: Serving static file content from /usr/local/share/kismet/httpd/
INFO: Enabling channel hopping by default on sources which support channel control.
INFO: Setting default channel hop rate to 5/sec
INFO: Enabling channel list splitting on sources which share the same list of channels
INFO: Enabling channel list shuffling to optimize overlaps
INFO: Sources will be re-opened if they encounter an error
INFO: Saving datasources to the Kismet database log every 30 seconds
INFO: Launching remote capture server on 127.0.0.1 3501
INFO: Data sources passed on the command line (via -c source), ignoring source= definitions in the Kismet config file.
INFO: Probing interface 'wlan1' to find datasource type
FATAL: Unable to open KismetDB log at '/home/pi/GloopieGuardian/kismet/logs//Kismet-20260308-16-40-24-1.kismet'; check that the directory exists and that you have write permissions to it.
ERROR: kis_database unable to open file /home/pi/GloopieGuardian/kismet/logs//Kismet-20260308-16-40-24-1.kismet: unable to open database file
FATAL: Fatal error encountered during startup.

*** KISMET IS SHUTTING DOWN ***

*** KISMET HAS ENCOUNTERED A FATAL ERROR AND CANNOT CONTINUE.  ***
Shutting down plugins...
WARNING: Kismet changes the configuration of network devices.
         In most cases you will need to restart networking for
         your interface (varies per distribution and OS), but 
         typically one of:
         sudo service networking restart
         sudo /etc/init.d/networking restart
         or
         nmcli device set [device] managed true

Kismet exiting.
EXITING: Signal service thread complete.
>>> Waiting for kismet logs to flush...
>>> Importing latest file: /home/pi/AirscopeGuardian/kismet/logs/Kismet-20260104-07-44-47-1.kismet
Importing /home/pi/AirscopeGuardian/kismet/logs/Kismet-20260104-07-44-47-1.kismet ...
Import completed successfully.
>>> Import completed successfully.
>>> Starting Kismet on interface: wlan1
INFO: Including sub-config file: /usr/local/etc/kismet_httpd.conf
INFO: Including sub-config file: /usr/local/etc/kismet_memory.conf
INFO: Including sub-config file: /usr/local/etc/kismet_alerts.conf
INFO: Including sub-config file: /usr/local/etc/kismet_80211.conf
INFO: Including sub-config file: /usr/local/etc/kismet_logging.conf
INFO: Including sub-config file: /usr/local/etc/kismet_filter.conf
INFO: Including sub-config file: /usr/local/etc/kismet_uav.conf
INFO: Loading config override file '/usr/local/etc/kismet_package.conf'
INFO: Optional sub-config file not present: /usr/local/etc/kismet_package.conf
INFO: Loading config override file '/usr/local/etc/kismet_site.conf'
INFO: Optional sub-config file not present: /usr/local/etc/kismet_site.conf
INFO: Setting server UUID 69917970-A100-11F0-87F7-4B49534D4554
INFO: Starting Beast webserver on 0.0.0.0:2501
INFO: Opened OUI file '/usr/local/share/kismet/kismet_manuf.txt.gz
INFO: Indexing manufacturer db
INFO: Completed indexing manufacturer db, 37974 lines and 760 indexes.
INFO: Saving devices to the Kismet database log every 30 seconds
INFO: Using default rates of 10/min, 1/sec for alert 'DEVICEFOUND'
INFO: Using default rates of 10/min, 1/sec for alert 'DEVICELOST'
INFO: Registering support for DLT_PPI packet header decoding
INFO: Registering support for DLT_RADIOTAP packet header decoding
INFO: Registering support for DLT_BTLE_RADIO packet header decoding
INFO: Using default rates of 10/min, 1/sec for alert 'BADFIXLENIE'
INFO: PHY80211 will only process AP signal levels from beacons
INFO: Allowing Kismet clients to view WEP keys
DEBUG: ssid canary FooCanary:ssid="FoobarCanary"
DEBUG: ssid canary FooCanart2:ssid="(?i:foobarcanary)"
INFO: Keeping EAPOL packets in memory for easy download and WIDS functionality; this can use more RAM.
INFO: Registered PHY handler 'IEEE802.11' as ID 0
INFO: Registered PHY handler 'RFSENSOR' as ID 1
INFO: Registered PHY handler 'Z-Wave' as ID 2
INFO: Registered PHY handler 'Bluetooth' as ID 3
DEBUG: reserve_fields home id 542 app id 543
INFO: Registered PHY handler 'UAV' as ID 4
INFO: Registered PHY handler 'NrfMousejack' as ID 5
ERROR: Tried to re-register duplicate alert FLIPPERZERO
INFO: Registered PHY handler 'BTLE' as ID 6
INFO: Registered PHY handler 'METER' as ID 7
INFO: Indexing ADSB ICAO db
INFO: Completed indexing ADSB ICAO db, 341068 lines 6822 indexes
INFO: Registered PHY handler 'ADSB' as ID 8
INFO: Registered PHY handler '802.15.4' as ID 9
INFO: Registered PHY handler 'RADIATION' as ID 10
INFO: Serving static file content from /usr/local/share/kismet/httpd/
INFO: Enabling channel hopping by default on sources which support channel control.
INFO: Setting default channel hop rate to 5/sec
INFO: Enabling channel list splitting on sources which share the same list of channels
INFO: Enabling channel list shuffling to optimize overlaps
INFO: Sources will be re-opened if they encounter an error
INFO: Saving datasources to the Kismet database log every 30 seconds
INFO: Launching remote capture server on 127.0.0.1 3501
INFO: Data sources passed on the command line (via -c source), ignoring source= definitions in the Kismet config file.
INFO: Probing interface 'wlan1' to find datasource type
INFO: Opened kismetdb log file '/home/pi/AirscopeGuardian/kismet/logs//Kismet-20260308-16-45-37-1.kismet'
INFO: Saving packets to the Kismet database log.
INFO: Opened pcapng log file '/home/pi/AirscopeGuardian/kismet/logs//Kismet-20260308-16-45-37-1.pcapng'
INFO: GPS track will be logged to the Kismet logfile
INFO: (GPS) Serial defaulting to 4800 baud for GPS device, specify baud= option if your device uses a different speed.  Some newer GPS devices use 9600 or faster, check your GPS documentation.
INFO: (GPS) Opened serial port /dev/ttyACM0@4800
ALERT: ROOTUSER Kismet is running as root; this is less secure.  If you are running Kismet at boot via systemd, make sure to use `systemctl edit kismet.service` to change the user.  For more information, see the Kismet README for setting up Kismet with minimal privileges.
INFO: Starting Kismet web server...
INFO: HTTP server listening on 0.0.0.0:2501
INFO: Could not open system plugin directory (/usr/local/lib/kismet/), skipping: No such file or directory
INFO: Did not find a user plugin directory (/root/.kismet//plugins/), skipping: No such file or directory
INFO: Found type 'linuxwifi' for 'wlan1'
INFO: wlan1 telling NetworkManager not to control interface 'wlan1': you may need to re-initialize this interface later or tell NetworkManager to control it again via 'nmcli'
INFO: wlan1 bringing down parent interface 'wlan1'
INFO: wlan1 finished configuring wlan1/wlan1mon, ready to capture
INFO: Data source 'wlan1' launched successfully
INFO: Detected new 802.11 Wi-Fi access point FE:38:6A:1B:53:2B
INFO: 802.11 Wi-Fi device FE:38:6A:1B:53:2B advertising SSID 'DON@unifi'
INFO: Detected new 802.11 Wi-Fi access point 18:EB:D4:7F:69:61
INFO: 802.11 Wi-Fi device 18:EB:D4:7F:69:61 advertising a cloaked SSID
INFO: Detected new 802.11 Wi-Fi access point FC:38:6A:DB:53:2B
INFO: 802.11 Wi-Fi device FC:38:6A:DB:53:2B advertising a cloaked SSID
INFO: Detected new 802.11 Wi-Fi device 28:7E:80:B4:41:01
INFO: Detected new 802.11 Wi-Fi device 64:E0:03:69:D9:A0
INFO: Detected new 802.11 Wi-Fi device 9C:95:61:D2:8F:1A
INFO: Detected new 802.11 Wi-Fi access point 1A:EB:D4:1F:69:61
INFO: 802.11 Wi-Fi device 1A:EB:D4:1F:69:61 advertising SSID 'ZainalAbidin-2.4GHz'
INFO: Detected new 802.11 Wi-Fi access point B8:D4:BC:94:62:D6
INFO: 802.11 Wi-Fi device B8:D4:BC:94:62:D6 advertising SSID 'KNZ No 77'
INFO: Detected new 802.11 Wi-Fi access point 74:DA:88:44:B8:EE
INFO: 802.11 Wi-Fi device 74:DA:88:44:B8:EE advertising SSID 'NASIR'
INFO: Detected new 802.11 Wi-Fi access point FC:38:6A:E1:F1:E3
INFO: 802.11 Wi-Fi device FC:38:6A:E1:F1:E3 advertising a cloaked SSID
INFO: Detected new 802.11 Wi-Fi access point 02:DB:D2:ED:E9:01
INFO: 802.11 Wi-Fi device 02:DB:D2:ED:E9:01 advertising SSID 'Fifi'
INFO: Detected new 802.11 Wi-Fi access point 04:BA:D6:59:D8:0B
INFO: 802.11 Wi-Fi device 04:BA:D6:59:D8:0B advertising SSID 'NASIR-2.4GHz'
INFO: Detected new 802.11 Wi-Fi access point 7A:DA:88:44:B8:EE
INFO: 802.11 Wi-Fi device 7A:DA:88:44:B8:EE advertising a cloaked SSID
INFO: Detected new 802.11 Wi-Fi access point FE:38:6A:11:F1:E3
INFO: 802.11 Wi-Fi device FE:38:6A:11:F1:E3 advertising SSID 'romzi'
INFO: Detected new 802.11 Wi-Fi access point FE:38:6A:9B:53:2B
INFO: 802.11 Wi-Fi device FE:38:6A:9B:53:2B advertising SSID 'DON-5G@unifi'
INFO: Detected new 802.11 Wi-Fi access point FC:38:6A:DB:53:2C
INFO: 802.11 Wi-Fi device FC:38:6A:DB:53:2C advertising a cloaked SSID
INFO: Detected new 802.11 Wi-Fi access point FE:38:6A:91:F1:E3
INFO: 802.11 Wi-Fi device FE:38:6A:91:F1:E3 advertising SSID 'romzi-5GHz'
INFO: Detected new 802.11 Wi-Fi access point FC:38:6A:E1:F1:E4
INFO: 802.11 Wi-Fi device FC:38:6A:E1:F1:E4 advertising a cloaked SSID
INFO: Detected new 802.11 Wi-Fi access point 74:DA:88:44:B8:EF
INFO: 802.11 Wi-Fi device 74:DA:88:44:B8:EF advertising SSID 'NASIR'
INFO: Detected new 802.11 Wi-Fi access point D4:01:68:17:D2:D8
INFO: 802.11 Wi-Fi device D4:01:68:17:D2:D8 advertising SSID 'KAMA5323@unifi'
INFO: Detected new 802.11 Wi-Fi access point 7A:DA:88:44:B8:EF
INFO: 802.11 Wi-Fi device 7A:DA:88:44:B8:EF advertising a cloaked SSID
INFO: Detected new 802.11 Wi-Fi access point 74:DA:88:44:BA:1A
INFO: 802.11 Wi-Fi device 74:DA:88:44:BA:1A advertising SSID 'NASIR'
INFO: Detected new 802.11 Wi-Fi access point D4:01:68:05:6F:D0
INFO: 802.11 Wi-Fi device D4:01:68:05:6F:D0 advertising SSID 'IKBAR-2.4Ghz@unifi'
INFO: Detected new 802.11 Wi-Fi device D4:00:68:05:6F:D0
INFO: Detected new 802.11 Wi-Fi device 96:0C:35:E7:09:DB
INFO: Detected new 802.11 Wi-Fi access point D4:01:68:08:4C:48
INFO: 802.11 Wi-Fi device D4:01:68:08:4C:48 advertising SSID 'LimauManis_5GHz'
INFO: Detected new 802.11 Wi-Fi device FC:38:6A:E1:F1:DF
INFO: Detected new 802.11 Wi-Fi device 24:11:45:6C:65:FC
INFO: Detected new 802.11 Wi-Fi access point D6:01:68:F8:4C:40
INFO: 802.11 Wi-Fi device D6:01:68:F8:4C:40 advertising a cloaked SSID
INFO: Detected new 802.11 Wi-Fi access point B8:D4:BC:9E:62:D6
INFO: 802.11 Wi-Fi device B8:D4:BC:9E:62:D6 advertising SSID 'KNZ No 77'
INFO: Detected new 802.11 Wi-Fi access point FA:4E:33:5F:4A:41
INFO: 802.11 Wi-Fi device FA:4E:33:5F:4A:41 advertising a cloaked SSID
INFO: Detected new 802.11 Wi-Fi access point F8:4E:33:0F:4A:49
INFO: 802.11 Wi-Fi device F8:4E:33:0F:4A:49 advertising SSID 'Teoh Lay Hoon-5G@unifi'
INFO: Detected new 802.11 Wi-Fi access point F8:4E:33:0F:4A:41
INFO: 802.11 Wi-Fi device F8:4E:33:0F:4A:41 advertising SSID 'Teoh Lay Hoon-2.4G@unifi'
INFO: Detected new 802.11 Wi-Fi device 38:E7:C0:68:98:83
INFO: Detected new 802.11 Wi-Fi device 8C:32:23:34:51:37

*** KISMET IS SHUTTING DOWN ***
Shutting down plugins...
WARNING: Kismet changes the configuration of network devices.
         In most cases you will need to restart networking for
         your interface (varies per distribution and OS), but 
         typically one of:
         sudo service networking restart
         sudo /etc/init.d/networking restart
         or
         nmcli device set [device] managed true

Kismet exiting.
EXITING: Signal service thread complete.
>>> Waiting for kismet logs to flush...
>>> Importing latest file: /home/pi/AirscopeGuardian/kismet/logs/Kismet-20260308-16-45-37-1.kismet
Importing /home/pi/AirscopeGuardian/kismet/logs/Kismet-20260308-16-45-37-1.kismet ...
Import completed successfully.
>>> Import completed successfully.
